<?xml version="1.0" encoding="UTF-8"?>
<!-- Generated by org.testng.reporters.JUnitReportReporter -->
<testsuite hostname="MDLT028" name="org.maveric.com.RadioButtonTest" tests="1" failures="0" timestamp="11 Feb 2016 08:19:07 GMT" time="11.117" errors="0">
  <testcase name="radioButtonTest" time="11.117" classname="org.maveric.com.RadioButtonTest"/>
</testsuite> <!-- org.maveric.com.RadioButtonTest -->
