<?xml version="1.0" encoding="UTF-8"?>
<!-- Generated by org.testng.reporters.JUnitReportReporter -->
<testsuite hostname="MDLT028" name="org.maveric.com.CheckboxTest" tests="1" failures="0" timestamp="11 Feb 2016 08:29:17 GMT" time="12.549" errors="0">
  <testcase name="checkboxTest" time="12.549" classname="org.maveric.com.CheckboxTest"/>
</testsuite> <!-- org.maveric.com.CheckboxTest -->
