<?xml version="1.0" encoding="UTF-8"?>
<!-- Generated by org.testng.reporters.JUnitReportReporter -->
<testsuite hostname="MDLT028" name="org.maveric.com.DropDownTest" tests="1" failures="0" timestamp="11 Feb 2016 08:05:33 GMT" time="17.519" errors="0">
  <testcase name="dropdowntest" time="17.519" classname="org.maveric.com.DropDownTest"/>
</testsuite> <!-- org.maveric.com.DropDownTest -->
