<?xml version="1.0" encoding="UTF-8"?>
<!-- Generated by org.testng.reporters.JUnitReportReporter -->
<testsuite hostname="MDLT028" name="org.maveric.com.AlertBoxTest" tests="1" failures="0" timestamp="11 Feb 2016 07:21:58 GMT" time="15.323" errors="0">
  <testcase name="testofAlert" time="15.323" classname="org.maveric.com.AlertBoxTest"/>
</testsuite> <!-- org.maveric.com.AlertBoxTest -->
